[2K[1G[1myarn run v1.22.22[22m
[2K[1G[2m$ jlpm build:lib && jlpm build:labextension:dev[22m
src/components/chat-input.tsx(244,56): error TS2345: Argument of type '{ prompt: string; selection: AiService.Selection | undefined; contextFile: string | null; }' is not assignable to parameter of type 'ChatRequest'.
  Object literal may only specify known properties, and 'contextFile' does not exist in type 'ChatRequest'.
src/components/chat-input.tsx(249,45): error TS2345: Argument of type '{ prompt: string; contextFile: string | null; }' is not assignable to parameter of type 'ChatRequest'.
  Object literal may only specify known properties, and 'contextFile' does not exist in type 'ChatRequest'.
[2K[1G[31merror[39m Command failed with exit code 1.
[2K[1G[34minfo[39m Visit [1mhttps://yarnpkg.com/en/docs/cli/run[22m for documentation about this command.
